{
  "RSpec": {
    "coverage": {
      "/Users/jmilam/Desktop/rails/endura_api/spec/mailers/irds_spec.rb": [
        1,
        null,
        1,
        1,
        null
      ],
      "/Users/jmilam/Desktop/rails/endura_api/app/mailers/irds_mailer.rb": [
        1,
        1,
        0,
        0,
        0,
        0,
        0,
        0,
        null,
        null,
        null,
        null,
        null,
        null,
        null,
        0,
        null,
        0,
        0,
        0,
        0,
        null,
        0,
        null,
        null,
        0,
        0,
        0,
        null,
        null,
        0,
        0,
        null,
        0,
        0,
        0,
        null,
        null
      ],
      "/Users/jmilam/Desktop/rails/endura_api/app/mailers/application_mailer.rb": [
        1,
        1,
        1,
        null
      ],
      "/Users/jmilam/Desktop/rails/endura_api/spec/mailers/marketing_mailer_spec.rb": [
        1,
        null,
        1,
        1,
        null
      ],
      "/Users/jmilam/Desktop/rails/endura_api/app/mailers/marketing_mailer.rb": [
        1,
        1,
        0,
        0,
        0,
        0,
        0,
        0,
        null,
        0,
        null,
        null,
        1,
        0,
        0,
        0,
        0,
        0,
        null,
        0,
        null,
        null,
        1,
        0,
        0,
        0,
        0,
        0,
        0,
        null,
        0,
        null,
        null,
        1,
        0,
        0,
        0,
        0,
        0,
        null,
        0,
        null,
        null,
        1,
        0,
        0,
        0,
        null,
        0,
        null,
        null,
        null,
        1,
        0,
        0,
        null,
        0,
        null,
        null
      ],
      "/Users/jmilam/Desktop/rails/endura_api/spec/mailers/oe_mailer_spec.rb": [
        1,
        null,
        1,
        1,
        null
      ],
      "/Users/jmilam/Desktop/rails/endura_api/app/mailers/oe_mailer.rb": [
        1,
        1,
        0,
        0,
        null,
        0,
        null,
        null
      ],
      "/Users/jmilam/Desktop/rails/endura_api/spec/mailers/salesforce_mailer_spec.rb": [
        1,
        null,
        1,
        1,
        null
      ],
      "/Users/jmilam/Desktop/rails/endura_api/app/mailers/salesforce_mailer.rb": [
        1,
        1,
        0,
        null,
        0,
        null,
        null
      ],
      "/Users/jmilam/Desktop/rails/endura_api/spec/mailers/time_off_spec.rb": [
        1,
        null,
        1,
        1,
        null
      ],
      "/Users/jmilam/Desktop/rails/endura_api/app/mailers/time_off_mailer.rb": [
        1,
        1,
        0,
        0,
        0,
        0,
        null,
        0,
        null,
        null,
        1,
        0,
        0,
        0,
        0,
        0,
        0,
        null,
        0,
        null,
        null,
        1,
        0,
        0,
        null,
        null,
        1,
        0,
        0,
        null,
        0,
        null,
        null,
        1,
        0,
        0,
        0,
        null,
        null,
        1,
        0,
        0,
        0,
        0,
        null,
        null,
        1,
        0,
        0,
        null,
        null
      ],
      "/Users/jmilam/Desktop/rails/endura_api/spec/models/concerns/validate_type_spec.rb": [
        1,
        null,
        1,
        1,
        1,
        null,
        null,
        1,
        1,
        1,
        null,
        null,
        1,
        1,
        1,
        null,
        null,
        1,
        1,
        1,
        1,
        null,
        null,
        null
      ],
      "/Users/jmilam/Desktop/rails/endura_api/app/models/concerns/validate_type.rb": [
        1,
        1,
        5,
        5,
        2,
        null,
        3,
        1,
        null,
        2,
        null,
        null,
        1,
        1,
        null,
        null,
        null
      ],
      "/Users/jmilam/Desktop/rails/endura_api/app/models/concerns/http_request.rb": [
        1,
        1,
        14,
        null,
        null,
        1,
        14,
        null,
        null
      ]
    },
    "timestamp": 1523880588
  }
}
